2024-08-05 10:34:03 INFO  c.w.b.BattlePeopleApplication - Starting BattlePeopleApplication using Java 17.0.11 with PID 1256 (C:\Users\SSAFY\Desktop\S11P12A706\battle-people-server\build\classes\java\main started by SSAFY in C:\Users\SSAFY\Desktop\S11P12A706\battle-people-server)
2024-08-05 10:34:03 DEBUG c.w.b.BattlePeopleApplication - Running with Spring Boot v3.2.7, Spring v6.1.10
2024-08-05 10:34:03 INFO  c.w.b.BattlePeopleApplication - No active profile set, falling back to 1 default profile: "default"
2024-08-05 10:34:03 INFO  o.s.b.d.e.DevToolsPropertyDefaultsPostProcessor - Devtools property defaults active! Set 'spring.devtools.add-properties' to 'false' to disable
2024-08-05 10:34:03 INFO  o.s.b.d.e.DevToolsPropertyDefaultsPostProcessor - For additional web related logging consider setting the 'logging.level.web' property to 'DEBUG'
2024-08-05 10:34:04 INFO  o.s.d.r.c.RepositoryConfigurationDelegate - Multiple Spring Data modules found, entering strict repository configuration mode
2024-08-05 10:34:04 INFO  o.s.d.r.c.RepositoryConfigurationDelegate - Bootstrapping Spring Data JPA repositories in DEFAULT mode.
2024-08-05 10:34:04 INFO  o.s.d.r.c.RepositoryConfigurationDelegate - Finished Spring Data repository scanning in 97 ms. Found 13 JPA repository interfaces.
2024-08-05 10:34:04 INFO  o.s.d.r.c.RepositoryConfigurationDelegate - Multiple Spring Data modules found, entering strict repository configuration mode
2024-08-05 10:34:04 INFO  o.s.d.r.c.RepositoryConfigurationDelegate - Bootstrapping Spring Data Redis repositories in DEFAULT mode.
2024-08-05 10:34:04 INFO  o.s.d.r.c.RepositoryConfigurationExtensionSupport - Spring Data Redis - Could not safely identify store assignment for repository candidate interface com.woowahanrabbits.battle_people.domain.balancegame.infrastructure.BalanceGameRepository; If you want this repository to be a Redis repository, consider annotating your entities with one of these annotations: org.springframework.data.redis.core.RedisHash (preferred), or consider extending one of the following types with your repository: org.springframework.data.keyvalue.repository.KeyValueRepository
2024-08-05 10:34:04 INFO  o.s.d.r.c.RepositoryConfigurationExtensionSupport - Spring Data Redis - Could not safely identify store assignment for repository candidate interface com.woowahanrabbits.battle_people.domain.battle.infrastructure.BattleApplyUserRepository; If you want this repository to be a Redis repository, consider annotating your entities with one of these annotations: org.springframework.data.redis.core.RedisHash (preferred), or consider extending one of the following types with your repository: org.springframework.data.keyvalue.repository.KeyValueRepository
2024-08-05 10:34:04 INFO  o.s.d.r.c.RepositoryConfigurationExtensionSupport - Spring Data Redis - Could not safely identify store assignment for repository candidate interface com.woowahanrabbits.battle_people.domain.battle.infrastructure.BattleBoardRepository; If you want this repository to be a Redis repository, consider annotating your entities with one of these annotations: org.springframework.data.redis.core.RedisHash (preferred), or consider extending one of the following types with your repository: org.springframework.data.keyvalue.repository.KeyValueRepository
2024-08-05 10:34:04 INFO  o.s.d.r.c.RepositoryConfigurationExtensionSupport - Spring Data Redis - Could not safely identify store assignment for repository candidate interface com.woowahanrabbits.battle_people.domain.battle.infrastructure.BattleRepository; If you want this repository to be a Redis repository, consider annotating your entities with one of these annotations: org.springframework.data.redis.core.RedisHash (preferred), or consider extending one of the following types with your repository: org.springframework.data.keyvalue.repository.KeyValueRepository
2024-08-05 10:34:04 INFO  o.s.d.r.c.RepositoryConfigurationExtensionSupport - Spring Data Redis - Could not safely identify store assignment for repository candidate interface com.woowahanrabbits.battle_people.domain.live.infrastructure.LiveApplyUserRepository; If you want this repository to be a Redis repository, consider annotating your entities with one of these annotations: org.springframework.data.redis.core.RedisHash (preferred), or consider extending one of the following types with your repository: org.springframework.data.keyvalue.repository.KeyValueRepository
2024-08-05 10:34:04 INFO  o.s.d.r.c.RepositoryConfigurationExtensionSupport - Spring Data Redis - Could not safely identify store assignment for repository candidate interface com.woowahanrabbits.battle_people.domain.live.infrastructure.LiveVoiceRecordRepository; If you want this repository to be a Redis repository, consider annotating your entities with one of these annotations: org.springframework.data.redis.core.RedisHash (preferred), or consider extending one of the following types with your repository: org.springframework.data.keyvalue.repository.KeyValueRepository
2024-08-05 10:34:04 INFO  o.s.d.r.c.RepositoryConfigurationExtensionSupport - Spring Data Redis - Could not safely identify store assignment for repository candidate interface com.woowahanrabbits.battle_people.domain.live.infrastructure.RoomRepository; If you want this repository to be a Redis repository, consider annotating your entities with one of these annotations: org.springframework.data.redis.core.RedisHash (preferred), or consider extending one of the following types with your repository: org.springframework.data.keyvalue.repository.KeyValueRepository
2024-08-05 10:34:04 INFO  o.s.d.r.c.RepositoryConfigurationExtensionSupport - Spring Data Redis - Could not safely identify store assignment for repository candidate interface com.woowahanrabbits.battle_people.domain.user.infrastructure.InterestRepository; If you want this repository to be a Redis repository, consider annotating your entities with one of these annotations: org.springframework.data.redis.core.RedisHash (preferred), or consider extending one of the following types with your repository: org.springframework.data.keyvalue.repository.KeyValueRepository
2024-08-05 10:34:04 INFO  o.s.d.r.c.RepositoryConfigurationExtensionSupport - Spring Data Redis - Could not safely identify store assignment for repository candidate interface com.woowahanrabbits.battle_people.domain.user.infrastructure.UserRepository; If you want this repository to be a Redis repository, consider annotating your entities with one of these annotations: org.springframework.data.redis.core.RedisHash (preferred), or consider extending one of the following types with your repository: org.springframework.data.keyvalue.repository.KeyValueRepository
2024-08-05 10:34:04 INFO  o.s.d.r.c.RepositoryConfigurationExtensionSupport - Spring Data Redis - Could not safely identify store assignment for repository candidate interface com.woowahanrabbits.battle_people.domain.user.infrastructure.UserTokenRepository; If you want this repository to be a Redis repository, consider annotating your entities with one of these annotations: org.springframework.data.redis.core.RedisHash (preferred), or consider extending one of the following types with your repository: org.springframework.data.keyvalue.repository.KeyValueRepository
2024-08-05 10:34:04 INFO  o.s.d.r.c.RepositoryConfigurationExtensionSupport - Spring Data Redis - Could not safely identify store assignment for repository candidate interface com.woowahanrabbits.battle_people.domain.vote.infrastructure.UserVoteOpinionRepository; If you want this repository to be a Redis repository, consider annotating your entities with one of these annotations: org.springframework.data.redis.core.RedisHash (preferred), or consider extending one of the following types with your repository: org.springframework.data.keyvalue.repository.KeyValueRepository
2024-08-05 10:34:04 INFO  o.s.d.r.c.RepositoryConfigurationExtensionSupport - Spring Data Redis - Could not safely identify store assignment for repository candidate interface com.woowahanrabbits.battle_people.domain.vote.infrastructure.VoteInfoRepository; If you want this repository to be a Redis repository, consider annotating your entities with one of these annotations: org.springframework.data.redis.core.RedisHash (preferred), or consider extending one of the following types with your repository: org.springframework.data.keyvalue.repository.KeyValueRepository
2024-08-05 10:34:04 INFO  o.s.d.r.c.RepositoryConfigurationExtensionSupport - Spring Data Redis - Could not safely identify store assignment for repository candidate interface com.woowahanrabbits.battle_people.domain.vote.infrastructure.VoteOpinionRepository; If you want this repository to be a Redis repository, consider annotating your entities with one of these annotations: org.springframework.data.redis.core.RedisHash (preferred), or consider extending one of the following types with your repository: org.springframework.data.keyvalue.repository.KeyValueRepository
2024-08-05 10:34:04 INFO  o.s.d.r.c.RepositoryConfigurationDelegate - Finished Spring Data repository scanning in 5 ms. Found 0 Redis repository interfaces.
2024-08-05 10:34:04 INFO  o.s.b.w.e.tomcat.TomcatWebServer - Tomcat initialized with port 8080 (http)
2024-08-05 10:34:04 INFO  o.a.catalina.core.StandardService - Starting service [Tomcat]
2024-08-05 10:34:04 INFO  o.a.catalina.core.StandardEngine - Starting Servlet engine: [Apache Tomcat/10.1.25]
2024-08-05 10:34:04 INFO  o.a.c.c.C.[.[.[/battle-people] - Initializing Spring embedded WebApplicationContext
2024-08-05 10:34:04 INFO  o.s.b.w.s.c.ServletWebServerApplicationContext - Root WebApplicationContext: initialization completed in 1048 ms
2024-08-05 10:34:04 INFO  o.h.jpa.internal.util.LogHelper - HHH000204: Processing PersistenceUnitInfo [name: default]
2024-08-05 10:34:04 INFO  org.hibernate.Version - HHH000412: Hibernate ORM core version 6.4.9.Final
2024-08-05 10:34:04 INFO  o.h.c.i.RegionFactoryInitiator - HHH000026: Second-level cache disabled
2024-08-05 10:34:04 INFO  o.s.o.j.p.SpringPersistenceUnitInfo - No LoadTimeWeaver setup: ignoring JPA class transformer
2024-08-05 10:34:04 INFO  com.zaxxer.hikari.HikariDataSource - HikariPool-1 - Starting...
2024-08-05 10:34:05 INFO  com.zaxxer.hikari.pool.HikariPool - HikariPool-1 - Added connection com.mysql.cj.jdbc.ConnectionImpl@c5686d
2024-08-05 10:34:05 INFO  com.zaxxer.hikari.HikariDataSource - HikariPool-1 - Start completed.
2024-08-05 10:34:05 WARN  org.hibernate.orm.deprecation - HHH90000025: MySQLDialect does not need to be specified explicitly using 'hibernate.dialect' (remove the property setting and it will be selected by default)
2024-08-05 10:34:05 INFO  o.h.m.i.EntityInstantiatorPojoStandard - HHH000182: No default (no-argument) constructor for class: com.woowahanrabbits.battle_people.domain.live.domain.LiveVoiceRecord (class must be instantiated by Interceptor)
2024-08-05 10:34:05 INFO  o.h.m.i.EntityInstantiatorPojoStandard - HHH000182: No default (no-argument) constructor for class: com.woowahanrabbits.battle_people.domain.live.domain.LiveApplyUser (class must be instantiated by Interceptor)
2024-08-05 10:34:05 INFO  o.h.e.t.j.p.i.JtaPlatformInitiator - HHH000489: No JTA platform available (set 'hibernate.transaction.jta.platform' to enable JTA platform integration)
2024-08-05 10:34:05 INFO  o.s.o.j.LocalContainerEntityManagerFactoryBean - Initialized JPA EntityManagerFactory for persistence unit 'default'
2024-08-05 10:34:05 INFO  o.s.d.j.r.query.QueryEnhancerFactory - Hibernate is in classpath; If applicable, HQL parser will be used.
2024-08-05 10:34:06 WARN  o.s.b.a.o.j.JpaBaseConfiguration$JpaWebConfiguration - spring.jpa.open-in-view is enabled by default. Therefore, database queries may be performed during view rendering. Explicitly configure spring.jpa.open-in-view to disable this warning
2024-08-05 10:34:06 INFO  o.s.s.web.DefaultSecurityFilterChain - Will secure any request with [org.springframework.security.web.session.DisableEncodeUrlFilter@5a4a10, org.springframework.security.web.context.request.async.WebAsyncManagerIntegrationFilter@21de25, org.springframework.security.web.context.SecurityContextHolderFilter@129643e, org.springframework.security.web.header.HeaderWriterFilter@5cf39f, org.springframework.web.filter.CorsFilter@a029a, org.springframework.security.web.authentication.logout.LogoutFilter@a731c4, com.woowahanrabbits.battle_people.domain.user.jwt.JwtFilter@3a6b09, org.springframework.security.web.savedrequest.RequestCacheAwareFilter@39c663, org.springframework.security.web.servletapi.SecurityContextHolderAwareRequestFilter@f9525f, org.springframework.security.web.authentication.AnonymousAuthenticationFilter@2abd14, org.springframework.security.web.session.SessionManagementFilter@1cf3bdd, org.springframework.security.web.access.ExceptionTranslationFilter@1082d3f, org.springframework.security.web.access.intercept.AuthorizationFilter@2f520c]
2024-08-05 10:34:07 INFO  o.s.b.d.a.OptionalLiveReloadServer - LiveReload server is running on port 35729
2024-08-05 10:34:07 INFO  o.s.b.w.e.tomcat.TomcatWebServer - Tomcat started on port 8080 (http) with context path '/battle-people'
2024-08-05 10:34:07 INFO  o.s.m.s.b.SimpleBrokerMessageHandler - Starting...
2024-08-05 10:34:07 INFO  o.s.m.s.b.SimpleBrokerMessageHandler - BrokerAvailabilityEvent[available=true, SimpleBrokerMessageHandler [org.springframework.messaging.simp.broker.DefaultSubscriptionRegistry@1f1ee68]]
2024-08-05 10:34:07 INFO  o.s.m.s.b.SimpleBrokerMessageHandler - Started.
2024-08-05 10:34:07 INFO  c.w.b.BattlePeopleApplication - Started BattlePeopleApplication in 4.233 seconds (process running for 4.499)
2024-08-05 10:34:22 INFO  o.a.c.c.C.[.[.[/battle-people] - Initializing Spring DispatcherServlet 'dispatcherServlet'
2024-08-05 10:34:22 INFO  o.s.web.servlet.DispatcherServlet - Initializing Servlet 'dispatcherServlet'
2024-08-05 10:34:22 INFO  o.s.web.servlet.DispatcherServlet - Completed initialization in 0 ms
2024-08-05 10:34:23 INFO  o.s.api.AbstractOpenApiResource - Init duration for springdoc-openapi is: 251 ms
2024-08-05 10:35:07 INFO  o.s.w.s.c.WebSocketMessageBrokerStats - WebSocketSession[0 current WS(0)-HttpStream(0)-HttpPoll(0), 0 total, 0 closed abnormally (0 connect failure, 0 send limit, 0 transport error)], stompSubProtocol[processed CONNECT(0)-CONNECTED(0)-DISCONNECT(0)], stompBrokerRelay[null], inboundChannel[pool size = 0, active threads = 0, queued tasks = 0, completed tasks = 0], outboundChannel[pool size = 0, active threads = 0, queued tasks = 0, completed tasks = 0], sockJsScheduler[pool size = 5, active threads = 1, queued tasks = 2, completed tasks = 2]
2024-08-05 10:35:18 INFO  c.w.b.d.l.s.OpenViduServiceImpl - [Session] battleId: 1
2024-08-05 10:35:19 INFO  io.openvidu.java.client.Session - Session 'ses_PgMBmbcn6a' created
2024-08-05 10:35:19 INFO  c.w.b.d.l.s.OpenViduServiceImpl - [create Session] room: ses_PgMBmbcn6a
2024-08-05 10:35:49 INFO  c.w.b.BattlePeopleApplication - Starting BattlePeopleApplication using Java 17.0.11 with PID 15912 (C:\Users\SSAFY\Desktop\S11P12A706\battle-people-server\build\classes\java\main started by SSAFY in C:\Users\SSAFY\Desktop\S11P12A706\battle-people-server)
2024-08-05 10:35:49 DEBUG c.w.b.BattlePeopleApplication - Running with Spring Boot v3.2.7, Spring v6.1.10
2024-08-05 10:35:49 INFO  c.w.b.BattlePeopleApplication - No active profile set, falling back to 1 default profile: "default"
2024-08-05 10:35:49 INFO  o.s.b.d.e.DevToolsPropertyDefaultsPostProcessor - Devtools property defaults active! Set 'spring.devtools.add-properties' to 'false' to disable
2024-08-05 10:35:49 INFO  o.s.b.d.e.DevToolsPropertyDefaultsPostProcessor - For additional web related logging consider setting the 'logging.level.web' property to 'DEBUG'
2024-08-05 10:35:50 INFO  o.s.d.r.c.RepositoryConfigurationDelegate - Multiple Spring Data modules found, entering strict repository configuration mode
2024-08-05 10:35:50 INFO  o.s.d.r.c.RepositoryConfigurationDelegate - Bootstrapping Spring Data JPA repositories in DEFAULT mode.
2024-08-05 10:35:50 INFO  o.s.d.r.c.RepositoryConfigurationDelegate - Finished Spring Data repository scanning in 98 ms. Found 13 JPA repository interfaces.
2024-08-05 10:35:50 INFO  o.s.d.r.c.RepositoryConfigurationDelegate - Multiple Spring Data modules found, entering strict repository configuration mode
2024-08-05 10:35:50 INFO  o.s.d.r.c.RepositoryConfigurationDelegate - Bootstrapping Spring Data Redis repositories in DEFAULT mode.
2024-08-05 10:35:50 INFO  o.s.d.r.c.RepositoryConfigurationExtensionSupport - Spring Data Redis - Could not safely identify store assignment for repository candidate interface com.woowahanrabbits.battle_people.domain.balancegame.infrastructure.BalanceGameRepository; If you want this repository to be a Redis repository, consider annotating your entities with one of these annotations: org.springframework.data.redis.core.RedisHash (preferred), or consider extending one of the following types with your repository: org.springframework.data.keyvalue.repository.KeyValueRepository
2024-08-05 10:35:50 INFO  o.s.d.r.c.RepositoryConfigurationExtensionSupport - Spring Data Redis - Could not safely identify store assignment for repository candidate interface com.woowahanrabbits.battle_people.domain.battle.infrastructure.BattleApplyUserRepository; If you want this repository to be a Redis repository, consider annotating your entities with one of these annotations: org.springframework.data.redis.core.RedisHash (preferred), or consider extending one of the following types with your repository: org.springframework.data.keyvalue.repository.KeyValueRepository
2024-08-05 10:35:50 INFO  o.s.d.r.c.RepositoryConfigurationExtensionSupport - Spring Data Redis - Could not safely identify store assignment for repository candidate interface com.woowahanrabbits.battle_people.domain.battle.infrastructure.BattleBoardRepository; If you want this repository to be a Redis repository, consider annotating your entities with one of these annotations: org.springframework.data.redis.core.RedisHash (preferred), or consider extending one of the following types with your repository: org.springframework.data.keyvalue.repository.KeyValueRepository
2024-08-05 10:35:50 INFO  o.s.d.r.c.RepositoryConfigurationExtensionSupport - Spring Data Redis - Could not safely identify store assignment for repository candidate interface com.woowahanrabbits.battle_people.domain.battle.infrastructure.BattleRepository; If you want this repository to be a Redis repository, consider annotating your entities with one of these annotations: org.springframework.data.redis.core.RedisHash (preferred), or consider extending one of the following types with your repository: org.springframework.data.keyvalue.repository.KeyValueRepository
2024-08-05 10:35:50 INFO  o.s.d.r.c.RepositoryConfigurationExtensionSupport - Spring Data Redis - Could not safely identify store assignment for repository candidate interface com.woowahanrabbits.battle_people.domain.live.infrastructure.LiveApplyUserRepository; If you want this repository to be a Redis repository, consider annotating your entities with one of these annotations: org.springframework.data.redis.core.RedisHash (preferred), or consider extending one of the following types with your repository: org.springframework.data.keyvalue.repository.KeyValueRepository
2024-08-05 10:35:50 INFO  o.s.d.r.c.RepositoryConfigurationExtensionSupport - Spring Data Redis - Could not safely identify store assignment for repository candidate interface com.woowahanrabbits.battle_people.domain.live.infrastructure.LiveVoiceRecordRepository; If you want this repository to be a Redis repository, consider annotating your entities with one of these annotations: org.springframework.data.redis.core.RedisHash (preferred), or consider extending one of the following types with your repository: org.springframework.data.keyvalue.repository.KeyValueRepository
2024-08-05 10:35:50 INFO  o.s.d.r.c.RepositoryConfigurationExtensionSupport - Spring Data Redis - Could not safely identify store assignment for repository candidate interface com.woowahanrabbits.battle_people.domain.live.infrastructure.RoomRepository; If you want this repository to be a Redis repository, consider annotating your entities with one of these annotations: org.springframework.data.redis.core.RedisHash (preferred), or consider extending one of the following types with your repository: org.springframework.data.keyvalue.repository.KeyValueRepository
2024-08-05 10:35:50 INFO  o.s.d.r.c.RepositoryConfigurationExtensionSupport - Spring Data Redis - Could not safely identify store assignment for repository candidate interface com.woowahanrabbits.battle_people.domain.user.infrastructure.InterestRepository; If you want this repository to be a Redis repository, consider annotating your entities with one of these annotations: org.springframework.data.redis.core.RedisHash (preferred), or consider extending one of the following types with your repository: org.springframework.data.keyvalue.repository.KeyValueRepository
2024-08-05 10:35:50 INFO  o.s.d.r.c.RepositoryConfigurationExtensionSupport - Spring Data Redis - Could not safely identify store assignment for repository candidate interface com.woowahanrabbits.battle_people.domain.user.infrastructure.UserRepository; If you want this repository to be a Redis repository, consider annotating your entities with one of these annotations: org.springframework.data.redis.core.RedisHash (preferred), or consider extending one of the following types with your repository: org.springframework.data.keyvalue.repository.KeyValueRepository
2024-08-05 10:35:50 INFO  o.s.d.r.c.RepositoryConfigurationExtensionSupport - Spring Data Redis - Could not safely identify store assignment for repository candidate interface com.woowahanrabbits.battle_people.domain.user.infrastructure.UserTokenRepository; If you want this repository to be a Redis repository, consider annotating your entities with one of these annotations: org.springframework.data.redis.core.RedisHash (preferred), or consider extending one of the following types with your repository: org.springframework.data.keyvalue.repository.KeyValueRepository
2024-08-05 10:35:50 INFO  o.s.d.r.c.RepositoryConfigurationExtensionSupport - Spring Data Redis - Could not safely identify store assignment for repository candidate interface com.woowahanrabbits.battle_people.domain.vote.infrastructure.UserVoteOpinionRepository; If you want this repository to be a Redis repository, consider annotating your entities with one of these annotations: org.springframework.data.redis.core.RedisHash (preferred), or consider extending one of the following types with your repository: org.springframework.data.keyvalue.repository.KeyValueRepository
2024-08-05 10:35:50 INFO  o.s.d.r.c.RepositoryConfigurationExtensionSupport - Spring Data Redis - Could not safely identify store assignment for repository candidate interface com.woowahanrabbits.battle_people.domain.vote.infrastructure.VoteInfoRepository; If you want this repository to be a Redis repository, consider annotating your entities with one of these annotations: org.springframework.data.redis.core.RedisHash (preferred), or consider extending one of the following types with your repository: org.springframework.data.keyvalue.repository.KeyValueRepository
2024-08-05 10:35:50 INFO  o.s.d.r.c.RepositoryConfigurationExtensionSupport - Spring Data Redis - Could not safely identify store assignment for repository candidate interface com.woowahanrabbits.battle_people.domain.vote.infrastructure.VoteOpinionRepository; If you want this repository to be a Redis repository, consider annotating your entities with one of these annotations: org.springframework.data.redis.core.RedisHash (preferred), or consider extending one of the following types with your repository: org.springframework.data.keyvalue.repository.KeyValueRepository
2024-08-05 10:35:50 INFO  o.s.d.r.c.RepositoryConfigurationDelegate - Finished Spring Data repository scanning in 5 ms. Found 0 Redis repository interfaces.
2024-08-05 10:35:50 INFO  o.s.b.w.e.tomcat.TomcatWebServer - Tomcat initialized with port 8080 (http)
2024-08-05 10:35:50 INFO  o.a.catalina.core.StandardService - Starting service [Tomcat]
2024-08-05 10:35:50 INFO  o.a.catalina.core.StandardEngine - Starting Servlet engine: [Apache Tomcat/10.1.25]
2024-08-05 10:35:50 INFO  o.a.c.c.C.[.[.[/battle-people] - Initializing Spring embedded WebApplicationContext
2024-08-05 10:35:50 INFO  o.s.b.w.s.c.ServletWebServerApplicationContext - Root WebApplicationContext: initialization completed in 1024 ms
2024-08-05 10:35:51 INFO  o.h.jpa.internal.util.LogHelper - HHH000204: Processing PersistenceUnitInfo [name: default]
2024-08-05 10:35:51 INFO  org.hibernate.Version - HHH000412: Hibernate ORM core version 6.4.9.Final
2024-08-05 10:35:51 INFO  o.h.c.i.RegionFactoryInitiator - HHH000026: Second-level cache disabled
2024-08-05 10:35:51 INFO  o.s.o.j.p.SpringPersistenceUnitInfo - No LoadTimeWeaver setup: ignoring JPA class transformer
2024-08-05 10:35:51 INFO  com.zaxxer.hikari.HikariDataSource - HikariPool-1 - Starting...
2024-08-05 10:35:51 INFO  com.zaxxer.hikari.pool.HikariPool - HikariPool-1 - Added connection com.mysql.cj.jdbc.ConnectionImpl@1cc99a8
2024-08-05 10:35:51 INFO  com.zaxxer.hikari.HikariDataSource - HikariPool-1 - Start completed.
2024-08-05 10:35:51 WARN  org.hibernate.orm.deprecation - HHH90000025: MySQLDialect does not need to be specified explicitly using 'hibernate.dialect' (remove the property setting and it will be selected by default)
2024-08-05 10:35:51 INFO  o.h.m.i.EntityInstantiatorPojoStandard - HHH000182: No default (no-argument) constructor for class: com.woowahanrabbits.battle_people.domain.live.domain.LiveVoiceRecord (class must be instantiated by Interceptor)
2024-08-05 10:35:51 INFO  o.h.m.i.EntityInstantiatorPojoStandard - HHH000182: No default (no-argument) constructor for class: com.woowahanrabbits.battle_people.domain.live.domain.LiveApplyUser (class must be instantiated by Interceptor)
2024-08-05 10:35:52 INFO  o.h.e.t.j.p.i.JtaPlatformInitiator - HHH000489: No JTA platform available (set 'hibernate.transaction.jta.platform' to enable JTA platform integration)
2024-08-05 10:35:52 INFO  o.s.o.j.LocalContainerEntityManagerFactoryBean - Initialized JPA EntityManagerFactory for persistence unit 'default'
2024-08-05 10:35:52 INFO  o.s.d.j.r.query.QueryEnhancerFactory - Hibernate is in classpath; If applicable, HQL parser will be used.
2024-08-05 10:35:53 WARN  o.s.b.a.o.j.JpaBaseConfiguration$JpaWebConfiguration - spring.jpa.open-in-view is enabled by default. Therefore, database queries may be performed during view rendering. Explicitly configure spring.jpa.open-in-view to disable this warning
2024-08-05 10:35:53 INFO  o.s.s.web.DefaultSecurityFilterChain - Will secure any request with [org.springframework.security.web.session.DisableEncodeUrlFilter@1a4484f, org.springframework.security.web.context.request.async.WebAsyncManagerIntegrationFilter@aef3d7, org.springframework.security.web.context.SecurityContextHolderFilter@cfa665, org.springframework.security.web.header.HeaderWriterFilter@1481d33, org.springframework.web.filter.CorsFilter@5549ae, org.springframework.security.web.authentication.logout.LogoutFilter@b78200, com.woowahanrabbits.battle_people.domain.user.jwt.JwtFilter@1df1d60, org.springframework.security.web.savedrequest.RequestCacheAwareFilter@e51ec2, org.springframework.security.web.servletapi.SecurityContextHolderAwareRequestFilter@14c986f, org.springframework.security.web.authentication.AnonymousAuthenticationFilter@3edd24, org.springframework.security.web.session.SessionManagementFilter@10dfd9, org.springframework.security.web.access.ExceptionTranslationFilter@1601039, org.springframework.security.web.access.intercept.AuthorizationFilter@ed34d8]
2024-08-05 10:35:53 INFO  o.s.b.d.a.OptionalLiveReloadServer - LiveReload server is running on port 35729
2024-08-05 10:35:53 INFO  o.s.b.w.e.tomcat.TomcatWebServer - Tomcat started on port 8080 (http) with context path '/battle-people'
2024-08-05 10:35:53 INFO  o.s.m.s.b.SimpleBrokerMessageHandler - Starting...
2024-08-05 10:35:53 INFO  o.s.m.s.b.SimpleBrokerMessageHandler - BrokerAvailabilityEvent[available=true, SimpleBrokerMessageHandler [org.springframework.messaging.simp.broker.DefaultSubscriptionRegistry@d17f78]]
2024-08-05 10:35:53 INFO  o.s.m.s.b.SimpleBrokerMessageHandler - Started.
2024-08-05 10:35:53 INFO  c.w.b.BattlePeopleApplication - Started BattlePeopleApplication in 4.144 seconds (process running for 4.422)
2024-08-05 10:36:53 INFO  o.s.w.s.c.WebSocketMessageBrokerStats - WebSocketSession[0 current WS(0)-HttpStream(0)-HttpPoll(0), 0 total, 0 closed abnormally (0 connect failure, 0 send limit, 0 transport error)], stompSubProtocol[processed CONNECT(0)-CONNECTED(0)-DISCONNECT(0)], stompBrokerRelay[null], inboundChannel[pool size = 0, active threads = 0, queued tasks = 0, completed tasks = 0], outboundChannel[pool size = 0, active threads = 0, queued tasks = 0, completed tasks = 0], sockJsScheduler[pool size = 3, active threads = 1, queued tasks = 2, completed tasks = 0]
2024-08-05 10:43:49 INFO  c.w.b.BattlePeopleApplication - Starting BattlePeopleApplication using Java 17.0.11 with PID 3312 (C:\Users\SSAFY\Desktop\S11P12A706\battle-people-server\build\classes\java\main started by SSAFY in C:\Users\SSAFY\Desktop\S11P12A706\battle-people-server)
2024-08-05 10:43:49 DEBUG c.w.b.BattlePeopleApplication - Running with Spring Boot v3.2.7, Spring v6.1.10
2024-08-05 10:43:49 INFO  c.w.b.BattlePeopleApplication - No active profile set, falling back to 1 default profile: "default"
2024-08-05 10:43:49 INFO  o.s.b.d.e.DevToolsPropertyDefaultsPostProcessor - Devtools property defaults active! Set 'spring.devtools.add-properties' to 'false' to disable
2024-08-05 10:43:49 INFO  o.s.b.d.e.DevToolsPropertyDefaultsPostProcessor - For additional web related logging consider setting the 'logging.level.web' property to 'DEBUG'
2024-08-05 10:43:50 INFO  o.s.d.r.c.RepositoryConfigurationDelegate - Multiple Spring Data modules found, entering strict repository configuration mode
2024-08-05 10:43:50 INFO  o.s.d.r.c.RepositoryConfigurationDelegate - Bootstrapping Spring Data JPA repositories in DEFAULT mode.
2024-08-05 10:43:50 INFO  o.s.d.r.c.RepositoryConfigurationDelegate - Finished Spring Data repository scanning in 95 ms. Found 13 JPA repository interfaces.
2024-08-05 10:43:50 INFO  o.s.d.r.c.RepositoryConfigurationDelegate - Multiple Spring Data modules found, entering strict repository configuration mode
2024-08-05 10:43:50 INFO  o.s.d.r.c.RepositoryConfigurationDelegate - Bootstrapping Spring Data Redis repositories in DEFAULT mode.
2024-08-05 10:43:50 INFO  o.s.d.r.c.RepositoryConfigurationExtensionSupport - Spring Data Redis - Could not safely identify store assignment for repository candidate interface com.woowahanrabbits.battle_people.domain.balancegame.infrastructure.BalanceGameRepository; If you want this repository to be a Redis repository, consider annotating your entities with one of these annotations: org.springframework.data.redis.core.RedisHash (preferred), or consider extending one of the following types with your repository: org.springframework.data.keyvalue.repository.KeyValueRepository
2024-08-05 10:43:50 INFO  o.s.d.r.c.RepositoryConfigurationExtensionSupport - Spring Data Redis - Could not safely identify store assignment for repository candidate interface com.woowahanrabbits.battle_people.domain.battle.infrastructure.BattleApplyUserRepository; If you want this repository to be a Redis repository, consider annotating your entities with one of these annotations: org.springframework.data.redis.core.RedisHash (preferred), or consider extending one of the following types with your repository: org.springframework.data.keyvalue.repository.KeyValueRepository
2024-08-05 10:43:50 INFO  o.s.d.r.c.RepositoryConfigurationExtensionSupport - Spring Data Redis - Could not safely identify store assignment for repository candidate interface com.woowahanrabbits.battle_people.domain.battle.infrastructure.BattleBoardRepository; If you want this repository to be a Redis repository, consider annotating your entities with one of these annotations: org.springframework.data.redis.core.RedisHash (preferred), or consider extending one of the following types with your repository: org.springframework.data.keyvalue.repository.KeyValueRepository
2024-08-05 10:43:50 INFO  o.s.d.r.c.RepositoryConfigurationExtensionSupport - Spring Data Redis - Could not safely identify store assignment for repository candidate interface com.woowahanrabbits.battle_people.domain.battle.infrastructure.BattleRepository; If you want this repository to be a Redis repository, consider annotating your entities with one of these annotations: org.springframework.data.redis.core.RedisHash (preferred), or consider extending one of the following types with your repository: org.springframework.data.keyvalue.repository.KeyValueRepository
2024-08-05 10:43:50 INFO  o.s.d.r.c.RepositoryConfigurationExtensionSupport - Spring Data Redis - Could not safely identify store assignment for repository candidate interface com.woowahanrabbits.battle_people.domain.live.infrastructure.LiveApplyUserRepository; If you want this repository to be a Redis repository, consider annotating your entities with one of these annotations: org.springframework.data.redis.core.RedisHash (preferred), or consider extending one of the following types with your repository: org.springframework.data.keyvalue.repository.KeyValueRepository
2024-08-05 10:43:50 INFO  o.s.d.r.c.RepositoryConfigurationExtensionSupport - Spring Data Redis - Could not safely identify store assignment for repository candidate interface com.woowahanrabbits.battle_people.domain.live.infrastructure.LiveVoiceRecordRepository; If you want this repository to be a Redis repository, consider annotating your entities with one of these annotations: org.springframework.data.redis.core.RedisHash (preferred), or consider extending one of the following types with your repository: org.springframework.data.keyvalue.repository.KeyValueRepository
2024-08-05 10:43:50 INFO  o.s.d.r.c.RepositoryConfigurationExtensionSupport - Spring Data Redis - Could not safely identify store assignment for repository candidate interface com.woowahanrabbits.battle_people.domain.live.infrastructure.RoomRepository; If you want this repository to be a Redis repository, consider annotating your entities with one of these annotations: org.springframework.data.redis.core.RedisHash (preferred), or consider extending one of the following types with your repository: org.springframework.data.keyvalue.repository.KeyValueRepository
2024-08-05 10:43:50 INFO  o.s.d.r.c.RepositoryConfigurationExtensionSupport - Spring Data Redis - Could not safely identify store assignment for repository candidate interface com.woowahanrabbits.battle_people.domain.user.infrastructure.InterestRepository; If you want this repository to be a Redis repository, consider annotating your entities with one of these annotations: org.springframework.data.redis.core.RedisHash (preferred), or consider extending one of the following types with your repository: org.springframework.data.keyvalue.repository.KeyValueRepository
2024-08-05 10:43:50 INFO  o.s.d.r.c.RepositoryConfigurationExtensionSupport - Spring Data Redis - Could not safely identify store assignment for repository candidate interface com.woowahanrabbits.battle_people.domain.user.infrastructure.UserRepository; If you want this repository to be a Redis repository, consider annotating your entities with one of these annotations: org.springframework.data.redis.core.RedisHash (preferred), or consider extending one of the following types with your repository: org.springframework.data.keyvalue.repository.KeyValueRepository
2024-08-05 10:43:50 INFO  o.s.d.r.c.RepositoryConfigurationExtensionSupport - Spring Data Redis - Could not safely identify store assignment for repository candidate interface com.woowahanrabbits.battle_people.domain.user.infrastructure.UserTokenRepository; If you want this repository to be a Redis repository, consider annotating your entities with one of these annotations: org.springframework.data.redis.core.RedisHash (preferred), or consider extending one of the following types with your repository: org.springframework.data.keyvalue.repository.KeyValueRepository
2024-08-05 10:43:50 INFO  o.s.d.r.c.RepositoryConfigurationExtensionSupport - Spring Data Redis - Could not safely identify store assignment for repository candidate interface com.woowahanrabbits.battle_people.domain.vote.infrastructure.UserVoteOpinionRepository; If you want this repository to be a Redis repository, consider annotating your entities with one of these annotations: org.springframework.data.redis.core.RedisHash (preferred), or consider extending one of the following types with your repository: org.springframework.data.keyvalue.repository.KeyValueRepository
2024-08-05 10:43:50 INFO  o.s.d.r.c.RepositoryConfigurationExtensionSupport - Spring Data Redis - Could not safely identify store assignment for repository candidate interface com.woowahanrabbits.battle_people.domain.vote.infrastructure.VoteInfoRepository; If you want this repository to be a Redis repository, consider annotating your entities with one of these annotations: org.springframework.data.redis.core.RedisHash (preferred), or consider extending one of the following types with your repository: org.springframework.data.keyvalue.repository.KeyValueRepository
2024-08-05 10:43:50 INFO  o.s.d.r.c.RepositoryConfigurationExtensionSupport - Spring Data Redis - Could not safely identify store assignment for repository candidate interface com.woowahanrabbits.battle_people.domain.vote.infrastructure.VoteOpinionRepository; If you want this repository to be a Redis repository, consider annotating your entities with one of these annotations: org.springframework.data.redis.core.RedisHash (preferred), or consider extending one of the following types with your repository: org.springframework.data.keyvalue.repository.KeyValueRepository
2024-08-05 10:43:50 INFO  o.s.d.r.c.RepositoryConfigurationDelegate - Finished Spring Data repository scanning in 5 ms. Found 0 Redis repository interfaces.
2024-08-05 10:43:50 INFO  o.s.b.w.e.tomcat.TomcatWebServer - Tomcat initialized with port 8080 (http)
2024-08-05 10:43:50 INFO  o.a.catalina.core.StandardService - Starting service [Tomcat]
2024-08-05 10:43:50 INFO  o.a.catalina.core.StandardEngine - Starting Servlet engine: [Apache Tomcat/10.1.25]
2024-08-05 10:43:50 INFO  o.a.c.c.C.[.[.[/battle-people] - Initializing Spring embedded WebApplicationContext
2024-08-05 10:43:50 INFO  o.s.b.w.s.c.ServletWebServerApplicationContext - Root WebApplicationContext: initialization completed in 1031 ms
2024-08-05 10:43:50 INFO  o.h.jpa.internal.util.LogHelper - HHH000204: Processing PersistenceUnitInfo [name: default]
2024-08-05 10:43:50 INFO  org.hibernate.Version - HHH000412: Hibernate ORM core version 6.4.9.Final
2024-08-05 10:43:50 INFO  o.h.c.i.RegionFactoryInitiator - HHH000026: Second-level cache disabled
2024-08-05 10:43:50 INFO  o.s.o.j.p.SpringPersistenceUnitInfo - No LoadTimeWeaver setup: ignoring JPA class transformer
2024-08-05 10:43:50 INFO  com.zaxxer.hikari.HikariDataSource - HikariPool-1 - Starting...
2024-08-05 10:43:51 INFO  com.zaxxer.hikari.pool.HikariPool - HikariPool-1 - Added connection com.mysql.cj.jdbc.ConnectionImpl@74d532
2024-08-05 10:43:51 INFO  com.zaxxer.hikari.HikariDataSource - HikariPool-1 - Start completed.
2024-08-05 10:43:51 WARN  org.hibernate.orm.deprecation - HHH90000025: MySQLDialect does not need to be specified explicitly using 'hibernate.dialect' (remove the property setting and it will be selected by default)
2024-08-05 10:43:51 INFO  o.h.m.i.EntityInstantiatorPojoStandard - HHH000182: No default (no-argument) constructor for class: com.woowahanrabbits.battle_people.domain.live.domain.LiveVoiceRecord (class must be instantiated by Interceptor)
2024-08-05 10:43:51 INFO  o.h.m.i.EntityInstantiatorPojoStandard - HHH000182: No default (no-argument) constructor for class: com.woowahanrabbits.battle_people.domain.live.domain.LiveApplyUser (class must be instantiated by Interceptor)
2024-08-05 10:43:51 INFO  o.h.e.t.j.p.i.JtaPlatformInitiator - HHH000489: No JTA platform available (set 'hibernate.transaction.jta.platform' to enable JTA platform integration)
2024-08-05 10:43:51 INFO  o.s.o.j.LocalContainerEntityManagerFactoryBean - Initialized JPA EntityManagerFactory for persistence unit 'default'
2024-08-05 10:43:51 INFO  o.s.d.j.r.query.QueryEnhancerFactory - Hibernate is in classpath; If applicable, HQL parser will be used.
2024-08-05 10:43:52 WARN  o.s.b.a.o.j.JpaBaseConfiguration$JpaWebConfiguration - spring.jpa.open-in-view is enabled by default. Therefore, database queries may be performed during view rendering. Explicitly configure spring.jpa.open-in-view to disable this warning
2024-08-05 10:43:52 INFO  o.s.s.web.DefaultSecurityFilterChain - Will secure any request with [org.springframework.security.web.session.DisableEncodeUrlFilter@aef3d7, org.springframework.security.web.context.request.async.WebAsyncManagerIntegrationFilter@5549ae, org.springframework.security.web.context.SecurityContextHolderFilter@8f5fb2, org.springframework.security.web.header.HeaderWriterFilter@1e6e1c4, org.springframework.web.filter.CorsFilter@1df1d60, org.springframework.security.web.authentication.logout.LogoutFilter@13cfd63, com.woowahanrabbits.battle_people.domain.user.jwt.JwtFilter@3edd24, org.springframework.security.web.savedrequest.RequestCacheAwareFilter@cde69d, org.springframework.security.web.servletapi.SecurityContextHolderAwareRequestFilter@1ea26bb, org.springframework.security.web.authentication.AnonymousAuthenticationFilter@11db07f, org.springframework.security.web.session.SessionManagementFilter@1b1ac25, org.springframework.security.web.access.ExceptionTranslationFilter@7f7836, org.springframework.security.web.access.intercept.AuthorizationFilter@57c105]
2024-08-05 10:43:53 INFO  o.s.b.d.a.OptionalLiveReloadServer - LiveReload server is running on port 35729
2024-08-05 10:43:53 INFO  o.s.b.w.e.tomcat.TomcatWebServer - Tomcat started on port 8080 (http) with context path '/battle-people'
2024-08-05 10:43:53 INFO  o.s.m.s.b.SimpleBrokerMessageHandler - Starting...
2024-08-05 10:43:53 INFO  o.s.m.s.b.SimpleBrokerMessageHandler - BrokerAvailabilityEvent[available=true, SimpleBrokerMessageHandler [org.springframework.messaging.simp.broker.DefaultSubscriptionRegistry@5d434e]]
2024-08-05 10:43:53 INFO  o.s.m.s.b.SimpleBrokerMessageHandler - Started.
2024-08-05 10:43:53 INFO  c.w.b.BattlePeopleApplication - Started BattlePeopleApplication in 4.15 seconds (process running for 4.417)
2024-08-05 10:44:53 INFO  o.s.w.s.c.WebSocketMessageBrokerStats - WebSocketSession[0 current WS(0)-HttpStream(0)-HttpPoll(0), 0 total, 0 closed abnormally (0 connect failure, 0 send limit, 0 transport error)], stompSubProtocol[processed CONNECT(0)-CONNECTED(0)-DISCONNECT(0)], stompBrokerRelay[null], inboundChannel[pool size = 0, active threads = 0, queued tasks = 0, completed tasks = 0], outboundChannel[pool size = 0, active threads = 0, queued tasks = 0, completed tasks = 0], sockJsScheduler[pool size = 3, active threads = 1, queued tasks = 2, completed tasks = 0]
2024-08-05 10:46:33 INFO  o.a.c.c.C.[.[.[/battle-people] - Initializing Spring DispatcherServlet 'dispatcherServlet'
2024-08-05 10:46:33 INFO  o.s.web.servlet.DispatcherServlet - Initializing Servlet 'dispatcherServlet'
2024-08-05 10:46:33 INFO  o.s.web.servlet.DispatcherServlet - Completed initialization in 1 ms
2024-08-05 10:46:33 WARN  o.s.w.s.m.m.a.ExceptionHandlerExceptionResolver - Resolved [org.springframework.web.bind.MissingRequestCookieException: Required cookie 'refresh' for method parameter type String is not present]
2024-08-05 10:46:33 WARN  o.s.w.s.m.m.a.ExceptionHandlerExceptionResolver - Resolved [org.springframework.web.bind.MissingRequestCookieException: Required cookie 'refresh' for method parameter type String is not present]
2024-08-05 10:46:34 WARN  o.s.w.s.m.m.a.ExceptionHandlerExceptionResolver - Resolved [org.springframework.web.bind.MissingRequestCookieException: Required cookie 'refresh' for method parameter type String is not present]
2024-08-05 10:46:34 WARN  o.s.w.s.m.m.a.ExceptionHandlerExceptionResolver - Resolved [org.springframework.web.bind.MissingRequestCookieException: Required cookie 'refresh' for method parameter type String is not present]
2024-08-05 10:46:52 WARN  o.s.w.s.m.m.a.ExceptionHandlerExceptionResolver - Resolved [org.springframework.web.bind.MissingRequestCookieException: Required cookie 'refresh' for method parameter type String is not present]
2024-08-05 10:46:52 WARN  o.s.w.s.m.m.a.ExceptionHandlerExceptionResolver - Resolved [org.springframework.web.bind.MissingRequestCookieException: Required cookie 'refresh' for method parameter type String is not present]
2024-08-05 10:47:10 WARN  o.s.w.s.m.m.a.ExceptionHandlerExceptionResolver - Resolved [org.springframework.web.bind.MissingRequestCookieException: Required cookie 'refresh' for method parameter type String is not present]
2024-08-05 10:47:10 WARN  o.s.w.s.m.m.a.ExceptionHandlerExceptionResolver - Resolved [org.springframework.web.bind.MissingRequestCookieException: Required cookie 'refresh' for method parameter type String is not present]
2024-08-05 10:47:11 WARN  o.s.w.s.m.m.a.ExceptionHandlerExceptionResolver - Resolved [org.springframework.web.bind.MissingRequestCookieException: Required cookie 'refresh' for method parameter type String is not present]
2024-08-05 10:47:11 WARN  o.s.w.s.m.m.a.ExceptionHandlerExceptionResolver - Resolved [org.springframework.web.bind.MissingRequestCookieException: Required cookie 'refresh' for method parameter type String is not present]
2024-08-05 10:47:12 WARN  o.s.w.s.m.m.a.ExceptionHandlerExceptionResolver - Resolved [org.springframework.web.bind.MissingRequestCookieException: Required cookie 'refresh' for method parameter type String is not present]
2024-08-05 10:47:12 WARN  o.s.w.s.m.m.a.ExceptionHandlerExceptionResolver - Resolved [org.springframework.web.bind.MissingRequestCookieException: Required cookie 'refresh' for method parameter type String is not present]
2024-08-05 10:47:12 WARN  o.s.w.s.m.m.a.ExceptionHandlerExceptionResolver - Resolved [org.springframework.web.bind.MissingRequestCookieException: Required cookie 'refresh' for method parameter type String is not present]
2024-08-05 10:47:12 WARN  o.s.w.s.m.m.a.ExceptionHandlerExceptionResolver - Resolved [org.springframework.web.bind.MissingRequestCookieException: Required cookie 'refresh' for method parameter type String is not present]
2024-08-05 10:47:20 WARN  o.s.w.s.m.m.a.ExceptionHandlerExceptionResolver - Resolved [org.springframework.web.bind.MissingRequestCookieException: Required cookie 'refresh' for method parameter type String is not present]
2024-08-05 10:47:20 WARN  o.s.w.s.m.m.a.ExceptionHandlerExceptionResolver - Resolved [org.springframework.web.bind.MissingRequestCookieException: Required cookie 'refresh' for method parameter type String is not present]
2024-08-05 10:47:22 WARN  o.s.w.s.m.m.a.ExceptionHandlerExceptionResolver - Resolved [org.springframework.web.bind.MissingRequestCookieException: Required cookie 'refresh' for method parameter type String is not present]
2024-08-05 10:47:22 WARN  o.s.w.s.m.m.a.ExceptionHandlerExceptionResolver - Resolved [org.springframework.web.bind.MissingRequestCookieException: Required cookie 'refresh' for method parameter type String is not present]
2024-08-05 10:48:00 WARN  o.s.w.s.m.m.a.ExceptionHandlerExceptionResolver - Resolved [org.springframework.web.bind.MissingRequestCookieException: Required cookie 'refresh' for method parameter type String is not present]
2024-08-05 10:48:00 WARN  o.s.w.s.m.m.a.ExceptionHandlerExceptionResolver - Resolved [org.springframework.web.bind.MissingRequestCookieException: Required cookie 'refresh' for method parameter type String is not present]
2024-08-05 10:49:45 WARN  o.s.w.s.m.m.a.ExceptionHandlerExceptionResolver - Resolved [org.springframework.web.bind.MissingRequestCookieException: Required cookie 'refresh' for method parameter type String is not present]
2024-08-05 10:49:48 WARN  o.s.w.s.m.m.a.ExceptionHandlerExceptionResolver - Resolved [org.springframework.web.bind.MissingRequestCookieException: Required cookie 'refresh' for method parameter type String is not present]
2024-08-05 10:49:59 WARN  o.s.w.s.m.m.a.ExceptionHandlerExceptionResolver - Resolved [org.springframework.web.bind.MissingRequestCookieException: Required cookie 'refresh' for method parameter type String is not present]
2024-08-05 10:49:59 WARN  o.s.w.s.m.m.a.ExceptionHandlerExceptionResolver - Resolved [org.springframework.web.bind.MissingRequestCookieException: Required cookie 'refresh' for method parameter type String is not present]
2024-08-05 10:50:09 WARN  o.s.w.s.m.m.a.ExceptionHandlerExceptionResolver - Resolved [org.springframework.web.bind.MissingRequestCookieException: Required cookie 'refresh' for method parameter type String is not present]
2024-08-05 10:50:09 WARN  o.s.w.s.m.m.a.ExceptionHandlerExceptionResolver - Resolved [org.springframework.web.bind.MissingRequestCookieException: Required cookie 'refresh' for method parameter type String is not present]
2024-08-05 10:50:10 WARN  o.s.w.s.m.m.a.ExceptionHandlerExceptionResolver - Resolved [org.springframework.web.bind.MissingRequestCookieException: Required cookie 'refresh' for method parameter type String is not present]
2024-08-05 10:50:10 WARN  o.s.w.s.m.m.a.ExceptionHandlerExceptionResolver - Resolved [org.springframework.web.bind.MissingRequestCookieException: Required cookie 'refresh' for method parameter type String is not present]
2024-08-05 10:50:15 WARN  o.s.w.s.m.m.a.ExceptionHandlerExceptionResolver - Resolved [org.springframework.web.bind.MissingRequestCookieException: Required cookie 'refresh' for method parameter type String is not present]
2024-08-05 10:50:15 WARN  o.s.w.s.m.m.a.ExceptionHandlerExceptionResolver - Resolved [org.springframework.web.bind.MissingRequestCookieException: Required cookie 'refresh' for method parameter type String is not present]
2024-08-05 10:51:07 WARN  o.s.w.s.m.m.a.ExceptionHandlerExceptionResolver - Resolved [org.springframework.web.bind.MissingRequestCookieException: Required cookie 'refresh' for method parameter type String is not present]
2024-08-05 10:51:21 WARN  o.s.w.s.m.m.a.ExceptionHandlerExceptionResolver - Resolved [org.springframework.web.bind.MissingRequestCookieException: Required cookie 'refresh' for method parameter type String is not present]
2024-08-05 10:51:21 WARN  o.s.w.s.m.m.a.ExceptionHandlerExceptionResolver - Resolved [org.springframework.web.bind.MissingRequestCookieException: Required cookie 'refresh' for method parameter type String is not present]
2024-08-05 10:51:22 WARN  o.s.w.s.m.m.a.ExceptionHandlerExceptionResolver - Resolved [org.springframework.web.bind.MissingRequestCookieException: Required cookie 'refresh' for method parameter type String is not present]
2024-08-05 10:51:22 WARN  o.s.w.s.m.m.a.ExceptionHandlerExceptionResolver - Resolved [org.springframework.web.bind.MissingRequestCookieException: Required cookie 'refresh' for method parameter type String is not present]
2024-08-05 10:51:44 WARN  o.s.w.s.m.m.a.ExceptionHandlerExceptionResolver - Resolved [org.springframework.web.bind.MissingRequestCookieException: Required cookie 'refresh' for method parameter type String is not present]
2024-08-05 10:51:44 WARN  o.s.w.s.m.m.a.ExceptionHandlerExceptionResolver - Resolved [org.springframework.web.bind.MissingRequestCookieException: Required cookie 'refresh' for method parameter type String is not present]
2024-08-05 10:51:47 WARN  o.s.w.s.m.m.a.ExceptionHandlerExceptionResolver - Resolved [org.springframework.web.bind.MissingRequestCookieException: Required cookie 'refresh' for method parameter type String is not present]
2024-08-05 10:51:47 WARN  o.s.w.s.m.m.a.ExceptionHandlerExceptionResolver - Resolved [org.springframework.web.bind.MissingRequestCookieException: Required cookie 'refresh' for method parameter type String is not present]
2024-08-05 10:52:02 WARN  o.s.w.s.m.m.a.ExceptionHandlerExceptionResolver - Resolved [org.springframework.web.bind.MissingRequestCookieException: Required cookie 'refresh' for method parameter type String is not present]
2024-08-05 10:52:02 WARN  o.s.w.s.m.m.a.ExceptionHandlerExceptionResolver - Resolved [org.springframework.web.bind.MissingRequestCookieException: Required cookie 'refresh' for method parameter type String is not present]
2024-08-05 10:52:03 WARN  o.s.w.s.m.m.a.ExceptionHandlerExceptionResolver - Resolved [org.springframework.web.bind.MissingRequestCookieException: Required cookie 'refresh' for method parameter type String is not present]
2024-08-05 10:52:03 WARN  o.s.w.s.m.m.a.ExceptionHandlerExceptionResolver - Resolved [org.springframework.web.bind.MissingRequestCookieException: Required cookie 'refresh' for method parameter type String is not present]
2024-08-05 10:52:21 WARN  o.s.w.s.m.m.a.ExceptionHandlerExceptionResolver - Resolved [org.springframework.web.bind.MissingRequestCookieException: Required cookie 'refresh' for method parameter type String is not present]
2024-08-05 10:52:21 WARN  o.s.w.s.m.m.a.ExceptionHandlerExceptionResolver - Resolved [org.springframework.web.bind.MissingRequestCookieException: Required cookie 'refresh' for method parameter type String is not present]
2024-08-05 10:52:32 WARN  o.s.w.s.m.m.a.ExceptionHandlerExceptionResolver - Resolved [org.springframework.web.bind.MissingRequestCookieException: Required cookie 'refresh' for method parameter type String is not present]
2024-08-05 10:52:32 WARN  o.s.w.s.m.m.a.ExceptionHandlerExceptionResolver - Resolved [org.springframework.web.bind.MissingRequestCookieException: Required cookie 'refresh' for method parameter type String is not present]
2024-08-05 10:53:16 WARN  o.s.w.s.m.m.a.ExceptionHandlerExceptionResolver - Resolved [org.springframework.web.bind.MissingRequestCookieException: Required cookie 'refresh' for method parameter type String is not present]
2024-08-05 10:53:16 WARN  o.s.w.s.m.m.a.ExceptionHandlerExceptionResolver - Resolved [org.springframework.web.bind.MissingRequestCookieException: Required cookie 'refresh' for method parameter type String is not present]
2024-08-05 10:53:26 WARN  o.s.w.s.m.m.a.ExceptionHandlerExceptionResolver - Resolved [org.springframework.web.bind.MissingRequestCookieException: Required cookie 'refresh' for method parameter type String is not present]
2024-08-05 10:53:26 WARN  o.s.w.s.m.m.a.ExceptionHandlerExceptionResolver - Resolved [org.springframework.web.bind.MissingRequestCookieException: Required cookie 'refresh' for method parameter type String is not present]
2024-08-05 10:54:03 WARN  o.s.w.s.m.m.a.ExceptionHandlerExceptionResolver - Resolved [org.springframework.web.bind.MissingRequestCookieException: Required cookie 'refresh' for method parameter type String is not present]
2024-08-05 10:54:03 WARN  o.s.w.s.m.m.a.ExceptionHandlerExceptionResolver - Resolved [org.springframework.web.bind.MissingRequestCookieException: Required cookie 'refresh' for method parameter type String is not present]
2024-08-05 10:54:05 WARN  o.s.w.s.m.m.a.ExceptionHandlerExceptionResolver - Resolved [org.springframework.web.bind.MissingRequestCookieException: Required cookie 'refresh' for method parameter type String is not present]
2024-08-05 10:54:05 WARN  o.s.w.s.m.m.a.ExceptionHandlerExceptionResolver - Resolved [org.springframework.web.bind.MissingRequestCookieException: Required cookie 'refresh' for method parameter type String is not present]
2024-08-05 10:54:34 WARN  o.s.w.s.m.m.a.ExceptionHandlerExceptionResolver - Resolved [org.springframework.web.bind.MissingRequestCookieException: Required cookie 'refresh' for method parameter type String is not present]
2024-08-05 10:54:34 WARN  o.s.w.s.m.m.a.ExceptionHandlerExceptionResolver - Resolved [org.springframework.web.bind.MissingRequestCookieException: Required cookie 'refresh' for method parameter type String is not present]
2024-08-05 10:54:43 WARN  o.s.w.s.m.m.a.ExceptionHandlerExceptionResolver - Resolved [org.springframework.web.bind.MissingRequestCookieException: Required cookie 'refresh' for method parameter type String is not present]
2024-08-05 10:54:43 WARN  o.s.w.s.m.m.a.ExceptionHandlerExceptionResolver - Resolved [org.springframework.web.bind.MissingRequestCookieException: Required cookie 'refresh' for method parameter type String is not present]
2024-08-05 10:55:06 WARN  o.s.w.s.m.m.a.ExceptionHandlerExceptionResolver - Resolved [org.springframework.web.bind.MissingRequestCookieException: Required cookie 'refresh' for method parameter type String is not present]
2024-08-05 10:55:06 WARN  o.s.w.s.m.m.a.ExceptionHandlerExceptionResolver - Resolved [org.springframework.web.bind.MissingRequestCookieException: Required cookie 'refresh' for method parameter type String is not present]
2024-08-05 10:55:54 WARN  o.s.w.s.m.m.a.ExceptionHandlerExceptionResolver - Resolved [org.springframework.web.bind.MissingRequestCookieException: Required cookie 'refresh' for method parameter type String is not present]
2024-08-05 10:55:54 WARN  o.s.w.s.m.m.a.ExceptionHandlerExceptionResolver - Resolved [org.springframework.web.bind.MissingRequestCookieException: Required cookie 'refresh' for method parameter type String is not present]
2024-08-05 10:55:55 WARN  o.s.w.s.m.m.a.ExceptionHandlerExceptionResolver - Resolved [org.springframework.web.bind.MissingRequestCookieException: Required cookie 'refresh' for method parameter type String is not present]
2024-08-05 10:55:55 WARN  o.s.w.s.m.m.a.ExceptionHandlerExceptionResolver - Resolved [org.springframework.web.bind.MissingRequestCookieException: Required cookie 'refresh' for method parameter type String is not present]
2024-08-05 10:55:55 WARN  o.s.w.s.m.m.a.ExceptionHandlerExceptionResolver - Resolved [org.springframework.web.bind.MissingRequestCookieException: Required cookie 'refresh' for method parameter type String is not present]
2024-08-05 10:55:55 WARN  o.s.w.s.m.m.a.ExceptionHandlerExceptionResolver - Resolved [org.springframework.web.bind.MissingRequestCookieException: Required cookie 'refresh' for method parameter type String is not present]
2024-08-05 10:55:56 WARN  o.s.w.s.m.m.a.ExceptionHandlerExceptionResolver - Resolved [org.springframework.web.bind.MissingRequestCookieException: Required cookie 'refresh' for method parameter type String is not present]
2024-08-05 10:55:56 WARN  o.s.w.s.m.m.a.ExceptionHandlerExceptionResolver - Resolved [org.springframework.web.bind.MissingRequestCookieException: Required cookie 'refresh' for method parameter type String is not present]
2024-08-05 10:56:13 WARN  o.s.w.s.m.m.a.ExceptionHandlerExceptionResolver - Resolved [org.springframework.web.bind.MissingRequestCookieException: Required cookie 'refresh' for method parameter type String is not present]
2024-08-05 10:56:13 WARN  o.s.w.s.m.m.a.ExceptionHandlerExceptionResolver - Resolved [org.springframework.web.bind.MissingRequestCookieException: Required cookie 'refresh' for method parameter type String is not present]
2024-08-05 10:56:46 WARN  o.s.w.s.m.m.a.ExceptionHandlerExceptionResolver - Resolved [org.springframework.web.bind.MissingRequestCookieException: Required cookie 'refresh' for method parameter type String is not present]
2024-08-05 10:56:46 WARN  o.s.w.s.m.m.a.ExceptionHandlerExceptionResolver - Resolved [org.springframework.web.bind.MissingRequestCookieException: Required cookie 'refresh' for method parameter type String is not present]
2024-08-05 10:56:46 WARN  o.s.w.s.m.m.a.ExceptionHandlerExceptionResolver - Resolved [org.springframework.web.bind.MissingRequestCookieException: Required cookie 'refresh' for method parameter type String is not present]
2024-08-05 10:56:46 WARN  o.s.w.s.m.m.a.ExceptionHandlerExceptionResolver - Resolved [org.springframework.web.bind.MissingRequestCookieException: Required cookie 'refresh' for method parameter type String is not present]
2024-08-05 10:56:59 WARN  o.s.w.s.m.m.a.ExceptionHandlerExceptionResolver - Resolved [org.springframework.web.bind.MissingRequestCookieException: Required cookie 'refresh' for method parameter type String is not present]
2024-08-05 10:56:59 WARN  o.s.w.s.m.m.a.ExceptionHandlerExceptionResolver - Resolved [org.springframework.web.bind.MissingRequestCookieException: Required cookie 'refresh' for method parameter type String is not present]
2024-08-05 10:56:59 WARN  o.s.w.s.m.m.a.ExceptionHandlerExceptionResolver - Resolved [org.springframework.web.bind.MissingRequestCookieException: Required cookie 'refresh' for method parameter type String is not present]
2024-08-05 10:56:59 WARN  o.s.w.s.m.m.a.ExceptionHandlerExceptionResolver - Resolved [org.springframework.web.bind.MissingRequestCookieException: Required cookie 'refresh' for method parameter type String is not present]
2024-08-05 10:57:00 WARN  o.s.w.s.m.m.a.ExceptionHandlerExceptionResolver - Resolved [org.springframework.web.bind.MissingRequestCookieException: Required cookie 'refresh' for method parameter type String is not present]
2024-08-05 10:57:00 WARN  o.s.w.s.m.m.a.ExceptionHandlerExceptionResolver - Resolved [org.springframework.web.bind.MissingRequestCookieException: Required cookie 'refresh' for method parameter type String is not present]
2024-08-05 10:57:00 WARN  o.s.w.s.m.m.a.ExceptionHandlerExceptionResolver - Resolved [org.springframework.web.bind.MissingRequestCookieException: Required cookie 'refresh' for method parameter type String is not present]
2024-08-05 10:57:00 WARN  o.s.w.s.m.m.a.ExceptionHandlerExceptionResolver - Resolved [org.springframework.web.bind.MissingRequestCookieException: Required cookie 'refresh' for method parameter type String is not present]
2024-08-05 10:58:38 WARN  o.s.w.s.m.m.a.ExceptionHandlerExceptionResolver - Resolved [org.springframework.web.bind.MissingRequestCookieException: Required cookie 'refresh' for method parameter type String is not present]
2024-08-05 10:58:38 WARN  o.s.w.s.m.m.a.ExceptionHandlerExceptionResolver - Resolved [org.springframework.web.bind.MissingRequestCookieException: Required cookie 'refresh' for method parameter type String is not present]
2024-08-05 10:59:52 WARN  o.s.w.s.m.m.a.ExceptionHandlerExceptionResolver - Resolved [org.springframework.web.bind.MissingRequestCookieException: Required cookie 'refresh' for method parameter type String is not present]
2024-08-05 10:59:52 WARN  o.s.w.s.m.m.a.ExceptionHandlerExceptionResolver - Resolved [org.springframework.web.bind.MissingRequestCookieException: Required cookie 'refresh' for method parameter type String is not present]
2024-08-05 11:03:48 WARN  o.s.w.s.m.m.a.ExceptionHandlerExceptionResolver - Resolved [org.springframework.web.bind.MissingRequestCookieException: Required cookie 'refresh' for method parameter type String is not present]
2024-08-05 11:03:48 WARN  o.s.w.s.m.m.a.ExceptionHandlerExceptionResolver - Resolved [org.springframework.web.bind.MissingRequestCookieException: Required cookie 'refresh' for method parameter type String is not present]
2024-08-05 11:03:52 WARN  o.s.w.s.m.m.a.ExceptionHandlerExceptionResolver - Resolved [org.springframework.web.bind.MissingRequestCookieException: Required cookie 'refresh' for method parameter type String is not present]
2024-08-05 11:03:59 WARN  o.s.w.s.m.m.a.ExceptionHandlerExceptionResolver - Resolved [org.springframework.web.bind.MissingRequestCookieException: Required cookie 'refresh' for method parameter type String is not present]
2024-08-05 11:04:03 WARN  o.s.w.s.m.m.a.ExceptionHandlerExceptionResolver - Resolved [org.springframework.web.bind.MissingRequestCookieException: Required cookie 'refresh' for method parameter type String is not present]
2024-08-05 11:04:03 WARN  o.s.w.s.m.m.a.ExceptionHandlerExceptionResolver - Resolved [org.springframework.web.bind.MissingRequestCookieException: Required cookie 'refresh' for method parameter type String is not present]
2024-08-05 11:06:54 WARN  o.s.w.s.m.m.a.ExceptionHandlerExceptionResolver - Resolved [org.springframework.web.bind.MissingRequestCookieException: Required cookie 'refresh' for method parameter type String is not present]
2024-08-05 11:06:54 WARN  o.s.w.s.m.m.a.ExceptionHandlerExceptionResolver - Resolved [org.springframework.web.bind.MissingRequestCookieException: Required cookie 'refresh' for method parameter type String is not present]
2024-08-05 11:06:58 WARN  o.s.w.s.m.m.a.ExceptionHandlerExceptionResolver - Resolved [org.springframework.web.bind.MissingRequestCookieException: Required cookie 'refresh' for method parameter type String is not present]
2024-08-05 11:06:58 WARN  o.s.w.s.m.m.a.ExceptionHandlerExceptionResolver - Resolved [org.springframework.web.bind.MissingRequestCookieException: Required cookie 'refresh' for method parameter type String is not present]
2024-08-05 11:09:16 INFO  c.w.b.BattlePeopleApplication - Starting BattlePeopleApplication using Java 17.0.11 with PID 1816 (C:\Users\SSAFY\Desktop\S11P12A706\battle-people-server\build\classes\java\main started by SSAFY in C:\Users\SSAFY\Desktop\S11P12A706\battle-people-server)
2024-08-05 11:09:16 DEBUG c.w.b.BattlePeopleApplication - Running with Spring Boot v3.2.7, Spring v6.1.10
2024-08-05 11:09:16 INFO  c.w.b.BattlePeopleApplication - No active profile set, falling back to 1 default profile: "default"
2024-08-05 11:09:16 INFO  o.s.b.d.e.DevToolsPropertyDefaultsPostProcessor - Devtools property defaults active! Set 'spring.devtools.add-properties' to 'false' to disable
2024-08-05 11:09:16 INFO  o.s.b.d.e.DevToolsPropertyDefaultsPostProcessor - For additional web related logging consider setting the 'logging.level.web' property to 'DEBUG'
2024-08-05 11:09:17 INFO  o.s.d.r.c.RepositoryConfigurationDelegate - Multiple Spring Data modules found, entering strict repository configuration mode
2024-08-05 11:09:17 INFO  o.s.d.r.c.RepositoryConfigurationDelegate - Bootstrapping Spring Data JPA repositories in DEFAULT mode.
2024-08-05 11:09:17 INFO  o.s.d.r.c.RepositoryConfigurationDelegate - Finished Spring Data repository scanning in 98 ms. Found 13 JPA repository interfaces.
2024-08-05 11:09:17 INFO  o.s.d.r.c.RepositoryConfigurationDelegate - Multiple Spring Data modules found, entering strict repository configuration mode
2024-08-05 11:09:17 INFO  o.s.d.r.c.RepositoryConfigurationDelegate - Bootstrapping Spring Data Redis repositories in DEFAULT mode.
2024-08-05 11:09:17 INFO  o.s.d.r.c.RepositoryConfigurationExtensionSupport - Spring Data Redis - Could not safely identify store assignment for repository candidate interface com.woowahanrabbits.battle_people.domain.balancegame.infrastructure.BalanceGameRepository; If you want this repository to be a Redis repository, consider annotating your entities with one of these annotations: org.springframework.data.redis.core.RedisHash (preferred), or consider extending one of the following types with your repository: org.springframework.data.keyvalue.repository.KeyValueRepository
2024-08-05 11:09:17 INFO  o.s.d.r.c.RepositoryConfigurationExtensionSupport - Spring Data Redis - Could not safely identify store assignment for repository candidate interface com.woowahanrabbits.battle_people.domain.battle.infrastructure.BattleApplyUserRepository; If you want this repository to be a Redis repository, consider annotating your entities with one of these annotations: org.springframework.data.redis.core.RedisHash (preferred), or consider extending one of the following types with your repository: org.springframework.data.keyvalue.repository.KeyValueRepository
2024-08-05 11:09:17 INFO  o.s.d.r.c.RepositoryConfigurationExtensionSupport - Spring Data Redis - Could not safely identify store assignment for repository candidate interface com.woowahanrabbits.battle_people.domain.battle.infrastructure.BattleBoardRepository; If you want this repository to be a Redis repository, consider annotating your entities with one of these annotations: org.springframework.data.redis.core.RedisHash (preferred), or consider extending one of the following types with your repository: org.springframework.data.keyvalue.repository.KeyValueRepository
2024-08-05 11:09:17 INFO  o.s.d.r.c.RepositoryConfigurationExtensionSupport - Spring Data Redis - Could not safely identify store assignment for repository candidate interface com.woowahanrabbits.battle_people.domain.battle.infrastructure.BattleRepository; If you want this repository to be a Redis repository, consider annotating your entities with one of these annotations: org.springframework.data.redis.core.RedisHash (preferred), or consider extending one of the following types with your repository: org.springframework.data.keyvalue.repository.KeyValueRepository
2024-08-05 11:09:17 INFO  o.s.d.r.c.RepositoryConfigurationExtensionSupport - Spring Data Redis - Could not safely identify store assignment for repository candidate interface com.woowahanrabbits.battle_people.domain.live.infrastructure.LiveApplyUserRepository; If you want this repository to be a Redis repository, consider annotating your entities with one of these annotations: org.springframework.data.redis.core.RedisHash (preferred), or consider extending one of the following types with your repository: org.springframework.data.keyvalue.repository.KeyValueRepository
2024-08-05 11:09:17 INFO  o.s.d.r.c.RepositoryConfigurationExtensionSupport - Spring Data Redis - Could not safely identify store assignment for repository candidate interface com.woowahanrabbits.battle_people.domain.live.infrastructure.LiveVoiceRecordRepository; If you want this repository to be a Redis repository, consider annotating your entities with one of these annotations: org.springframework.data.redis.core.RedisHash (preferred), or consider extending one of the following types with your repository: org.springframework.data.keyvalue.repository.KeyValueRepository
2024-08-05 11:09:17 INFO  o.s.d.r.c.RepositoryConfigurationExtensionSupport - Spring Data Redis - Could not safely identify store assignment for repository candidate interface com.woowahanrabbits.battle_people.domain.live.infrastructure.RoomRepository; If you want this repository to be a Redis repository, consider annotating your entities with one of these annotations: org.springframework.data.redis.core.RedisHash (preferred), or consider extending one of the following types with your repository: org.springframework.data.keyvalue.repository.KeyValueRepository
2024-08-05 11:09:17 INFO  o.s.d.r.c.RepositoryConfigurationExtensionSupport - Spring Data Redis - Could not safely identify store assignment for repository candidate interface com.woowahanrabbits.battle_people.domain.user.infrastructure.InterestRepository; If you want this repository to be a Redis repository, consider annotating your entities with one of these annotations: org.springframework.data.redis.core.RedisHash (preferred), or consider extending one of the following types with your repository: org.springframework.data.keyvalue.repository.KeyValueRepository
2024-08-05 11:09:17 INFO  o.s.d.r.c.RepositoryConfigurationExtensionSupport - Spring Data Redis - Could not safely identify store assignment for repository candidate interface com.woowahanrabbits.battle_people.domain.user.infrastructure.UserRepository; If you want this repository to be a Redis repository, consider annotating your entities with one of these annotations: org.springframework.data.redis.core.RedisHash (preferred), or consider extending one of the following types with your repository: org.springframework.data.keyvalue.repository.KeyValueRepository
2024-08-05 11:09:17 INFO  o.s.d.r.c.RepositoryConfigurationExtensionSupport - Spring Data Redis - Could not safely identify store assignment for repository candidate interface com.woowahanrabbits.battle_people.domain.user.infrastructure.UserTokenRepository; If you want this repository to be a Redis repository, consider annotating your entities with one of these annotations: org.springframework.data.redis.core.RedisHash (preferred), or consider extending one of the following types with your repository: org.springframework.data.keyvalue.repository.KeyValueRepository
2024-08-05 11:09:17 INFO  o.s.d.r.c.RepositoryConfigurationExtensionSupport - Spring Data Redis - Could not safely identify store assignment for repository candidate interface com.woowahanrabbits.battle_people.domain.vote.infrastructure.UserVoteOpinionRepository; If you want this repository to be a Redis repository, consider annotating your entities with one of these annotations: org.springframework.data.redis.core.RedisHash (preferred), or consider extending one of the following types with your repository: org.springframework.data.keyvalue.repository.KeyValueRepository
2024-08-05 11:09:17 INFO  o.s.d.r.c.RepositoryConfigurationExtensionSupport - Spring Data Redis - Could not safely identify store assignment for repository candidate interface com.woowahanrabbits.battle_people.domain.vote.infrastructure.VoteInfoRepository; If you want this repository to be a Redis repository, consider annotating your entities with one of these annotations: org.springframework.data.redis.core.RedisHash (preferred), or consider extending one of the following types with your repository: org.springframework.data.keyvalue.repository.KeyValueRepository
2024-08-05 11:09:17 INFO  o.s.d.r.c.RepositoryConfigurationExtensionSupport - Spring Data Redis - Could not safely identify store assignment for repository candidate interface com.woowahanrabbits.battle_people.domain.vote.infrastructure.VoteOpinionRepository; If you want this repository to be a Redis repository, consider annotating your entities with one of these annotations: org.springframework.data.redis.core.RedisHash (preferred), or consider extending one of the following types with your repository: org.springframework.data.keyvalue.repository.KeyValueRepository
2024-08-05 11:09:17 INFO  o.s.d.r.c.RepositoryConfigurationDelegate - Finished Spring Data repository scanning in 5 ms. Found 0 Redis repository interfaces.
2024-08-05 11:09:17 INFO  o.s.b.w.e.tomcat.TomcatWebServer - Tomcat initialized with port 8080 (http)
2024-08-05 11:09:17 INFO  o.a.catalina.core.StandardService - Starting service [Tomcat]
2024-08-05 11:09:17 INFO  o.a.catalina.core.StandardEngine - Starting Servlet engine: [Apache Tomcat/10.1.25]
2024-08-05 11:09:17 INFO  o.a.c.c.C.[.[.[/battle-people] - Initializing Spring embedded WebApplicationContext
2024-08-05 11:09:17 INFO  o.s.b.w.s.c.ServletWebServerApplicationContext - Root WebApplicationContext: initialization completed in 1007 ms
2024-08-05 11:09:17 INFO  o.h.jpa.internal.util.LogHelper - HHH000204: Processing PersistenceUnitInfo [name: default]
2024-08-05 11:09:17 INFO  org.hibernate.Version - HHH000412: Hibernate ORM core version 6.4.9.Final
2024-08-05 11:09:18 INFO  o.h.c.i.RegionFactoryInitiator - HHH000026: Second-level cache disabled
2024-08-05 11:09:18 INFO  o.s.o.j.p.SpringPersistenceUnitInfo - No LoadTimeWeaver setup: ignoring JPA class transformer
2024-08-05 11:09:18 INFO  com.zaxxer.hikari.HikariDataSource - HikariPool-1 - Starting...
2024-08-05 11:09:18 INFO  com.zaxxer.hikari.pool.HikariPool - HikariPool-1 - Added connection com.mysql.cj.jdbc.ConnectionImpl@cf5fa6
2024-08-05 11:09:18 INFO  com.zaxxer.hikari.HikariDataSource - HikariPool-1 - Start completed.
2024-08-05 11:09:18 WARN  org.hibernate.orm.deprecation - HHH90000025: MySQLDialect does not need to be specified explicitly using 'hibernate.dialect' (remove the property setting and it will be selected by default)
2024-08-05 11:09:18 INFO  o.h.m.i.EntityInstantiatorPojoStandard - HHH000182: No default (no-argument) constructor for class: com.woowahanrabbits.battle_people.domain.live.domain.LiveVoiceRecord (class must be instantiated by Interceptor)
2024-08-05 11:09:18 INFO  o.h.m.i.EntityInstantiatorPojoStandard - HHH000182: No default (no-argument) constructor for class: com.woowahanrabbits.battle_people.domain.live.domain.LiveApplyUser (class must be instantiated by Interceptor)
2024-08-05 11:09:18 INFO  o.h.e.t.j.p.i.JtaPlatformInitiator - HHH000489: No JTA platform available (set 'hibernate.transaction.jta.platform' to enable JTA platform integration)
2024-08-05 11:09:19 INFO  o.s.o.j.LocalContainerEntityManagerFactoryBean - Initialized JPA EntityManagerFactory for persistence unit 'default'
2024-08-05 11:09:19 INFO  o.s.d.j.r.query.QueryEnhancerFactory - Hibernate is in classpath; If applicable, HQL parser will be used.
2024-08-05 11:09:19 WARN  o.s.b.a.o.j.JpaBaseConfiguration$JpaWebConfiguration - spring.jpa.open-in-view is enabled by default. Therefore, database queries may be performed during view rendering. Explicitly configure spring.jpa.open-in-view to disable this warning
2024-08-05 11:09:19 INFO  o.s.s.web.DefaultSecurityFilterChain - Will secure any request with [org.springframework.security.web.session.DisableEncodeUrlFilter@3889b5, org.springframework.security.web.context.request.async.WebAsyncManagerIntegrationFilter@1295cbb, org.springframework.security.web.context.SecurityContextHolderFilter@110327e, org.springframework.security.web.header.HeaderWriterFilter@10b36b1, org.springframework.web.filter.CorsFilter@2a6bb4, org.springframework.security.web.authentication.logout.LogoutFilter@1a36f5, com.woowahanrabbits.battle_people.domain.user.jwt.JwtFilter@b4eb60, org.springframework.security.web.savedrequest.RequestCacheAwareFilter@f04ca0, org.springframework.security.web.servletapi.SecurityContextHolderAwareRequestFilter@bbf085, org.springframework.security.web.authentication.AnonymousAuthenticationFilter@91a622, org.springframework.security.web.session.SessionManagementFilter@642e, org.springframework.security.web.access.ExceptionTranslationFilter@12f0890, org.springframework.security.web.access.intercept.AuthorizationFilter@f57970]
2024-08-05 11:09:20 INFO  o.s.b.d.a.OptionalLiveReloadServer - LiveReload server is running on port 35729
2024-08-05 11:09:20 INFO  o.s.b.w.e.tomcat.TomcatWebServer - Tomcat started on port 8080 (http) with context path '/battle-people'
2024-08-05 11:09:20 INFO  o.s.m.s.b.SimpleBrokerMessageHandler - Starting...
2024-08-05 11:09:20 INFO  o.s.m.s.b.SimpleBrokerMessageHandler - BrokerAvailabilityEvent[available=true, SimpleBrokerMessageHandler [org.springframework.messaging.simp.broker.DefaultSubscriptionRegistry@15ce940]]
2024-08-05 11:09:20 INFO  o.s.m.s.b.SimpleBrokerMessageHandler - Started.
2024-08-05 11:09:20 INFO  c.w.b.BattlePeopleApplication - Started BattlePeopleApplication in 3.917 seconds (process running for 4.192)
2024-08-05 11:10:19 INFO  o.a.c.c.C.[.[.[/battle-people] - Initializing Spring DispatcherServlet 'dispatcherServlet'
2024-08-05 11:10:19 INFO  o.s.web.servlet.DispatcherServlet - Initializing Servlet 'dispatcherServlet'
2024-08-05 11:10:19 INFO  o.s.web.servlet.DispatcherServlet - Completed initialization in 1 ms
2024-08-05 11:10:19 WARN  o.s.w.s.m.m.a.ExceptionHandlerExceptionResolver - Resolved [org.springframework.web.bind.MissingRequestCookieException: Required cookie 'refresh' for method parameter type String is not present]
2024-08-05 11:10:19 WARN  o.s.w.s.m.m.a.ExceptionHandlerExceptionResolver - Resolved [org.springframework.web.bind.MissingRequestCookieException: Required cookie 'refresh' for method parameter type String is not present]
2024-08-05 11:10:20 INFO  o.s.w.s.c.WebSocketMessageBrokerStats - WebSocketSession[0 current WS(0)-HttpStream(0)-HttpPoll(0), 0 total, 0 closed abnormally (0 connect failure, 0 send limit, 0 transport error)], stompSubProtocol[processed CONNECT(0)-CONNECTED(0)-DISCONNECT(0)], stompBrokerRelay[null], inboundChannel[pool size = 0, active threads = 0, queued tasks = 0, completed tasks = 0], outboundChannel[pool size = 0, active threads = 0, queued tasks = 0, completed tasks = 0], sockJsScheduler[pool size = 5, active threads = 1, queued tasks = 2, completed tasks = 2]
2024-08-05 11:12:41 INFO  c.w.b.BattlePeopleApplication - Starting BattlePeopleApplication using Java 17.0.11 with PID 17916 (C:\Users\SSAFY\Desktop\S11P12A706\battle-people-server\build\classes\java\main started by SSAFY in C:\Users\SSAFY\Desktop\S11P12A706\battle-people-server)
2024-08-05 11:12:41 DEBUG c.w.b.BattlePeopleApplication - Running with Spring Boot v3.2.7, Spring v6.1.10
2024-08-05 11:12:41 INFO  c.w.b.BattlePeopleApplication - No active profile set, falling back to 1 default profile: "default"
2024-08-05 11:12:41 INFO  o.s.b.d.e.DevToolsPropertyDefaultsPostProcessor - Devtools property defaults active! Set 'spring.devtools.add-properties' to 'false' to disable
2024-08-05 11:12:41 INFO  o.s.b.d.e.DevToolsPropertyDefaultsPostProcessor - For additional web related logging consider setting the 'logging.level.web' property to 'DEBUG'
2024-08-05 11:12:42 INFO  o.s.d.r.c.RepositoryConfigurationDelegate - Multiple Spring Data modules found, entering strict repository configuration mode
2024-08-05 11:12:42 INFO  o.s.d.r.c.RepositoryConfigurationDelegate - Bootstrapping Spring Data JPA repositories in DEFAULT mode.
2024-08-05 11:12:42 INFO  o.s.d.r.c.RepositoryConfigurationDelegate - Finished Spring Data repository scanning in 96 ms. Found 13 JPA repository interfaces.
2024-08-05 11:12:42 INFO  o.s.d.r.c.RepositoryConfigurationDelegate - Multiple Spring Data modules found, entering strict repository configuration mode
2024-08-05 11:12:42 INFO  o.s.d.r.c.RepositoryConfigurationDelegate - Bootstrapping Spring Data Redis repositories in DEFAULT mode.
2024-08-05 11:12:42 INFO  o.s.d.r.c.RepositoryConfigurationExtensionSupport - Spring Data Redis - Could not safely identify store assignment for repository candidate interface com.woowahanrabbits.battle_people.domain.balancegame.infrastructure.BalanceGameRepository; If you want this repository to be a Redis repository, consider annotating your entities with one of these annotations: org.springframework.data.redis.core.RedisHash (preferred), or consider extending one of the following types with your repository: org.springframework.data.keyvalue.repository.KeyValueRepository
2024-08-05 11:12:42 INFO  o.s.d.r.c.RepositoryConfigurationExtensionSupport - Spring Data Redis - Could not safely identify store assignment for repository candidate interface com.woowahanrabbits.battle_people.domain.battle.infrastructure.BattleApplyUserRepository; If you want this repository to be a Redis repository, consider annotating your entities with one of these annotations: org.springframework.data.redis.core.RedisHash (preferred), or consider extending one of the following types with your repository: org.springframework.data.keyvalue.repository.KeyValueRepository
2024-08-05 11:12:42 INFO  o.s.d.r.c.RepositoryConfigurationExtensionSupport - Spring Data Redis - Could not safely identify store assignment for repository candidate interface com.woowahanrabbits.battle_people.domain.battle.infrastructure.BattleBoardRepository; If you want this repository to be a Redis repository, consider annotating your entities with one of these annotations: org.springframework.data.redis.core.RedisHash (preferred), or consider extending one of the following types with your repository: org.springframework.data.keyvalue.repository.KeyValueRepository
2024-08-05 11:12:42 INFO  o.s.d.r.c.RepositoryConfigurationExtensionSupport - Spring Data Redis - Could not safely identify store assignment for repository candidate interface com.woowahanrabbits.battle_people.domain.battle.infrastructure.BattleRepository; If you want this repository to be a Redis repository, consider annotating your entities with one of these annotations: org.springframework.data.redis.core.RedisHash (preferred), or consider extending one of the following types with your repository: org.springframework.data.keyvalue.repository.KeyValueRepository
2024-08-05 11:12:42 INFO  o.s.d.r.c.RepositoryConfigurationExtensionSupport - Spring Data Redis - Could not safely identify store assignment for repository candidate interface com.woowahanrabbits.battle_people.domain.live.infrastructure.LiveApplyUserRepository; If you want this repository to be a Redis repository, consider annotating your entities with one of these annotations: org.springframework.data.redis.core.RedisHash (preferred), or consider extending one of the following types with your repository: org.springframework.data.keyvalue.repository.KeyValueRepository
2024-08-05 11:12:42 INFO  o.s.d.r.c.RepositoryConfigurationExtensionSupport - Spring Data Redis - Could not safely identify store assignment for repository candidate interface com.woowahanrabbits.battle_people.domain.live.infrastructure.LiveVoiceRecordRepository; If you want this repository to be a Redis repository, consider annotating your entities with one of these annotations: org.springframework.data.redis.core.RedisHash (preferred), or consider extending one of the following types with your repository: org.springframework.data.keyvalue.repository.KeyValueRepository
2024-08-05 11:12:42 INFO  o.s.d.r.c.RepositoryConfigurationExtensionSupport - Spring Data Redis - Could not safely identify store assignment for repository candidate interface com.woowahanrabbits.battle_people.domain.live.infrastructure.RoomRepository; If you want this repository to be a Redis repository, consider annotating your entities with one of these annotations: org.springframework.data.redis.core.RedisHash (preferred), or consider extending one of the following types with your repository: org.springframework.data.keyvalue.repository.KeyValueRepository
2024-08-05 11:12:42 INFO  o.s.d.r.c.RepositoryConfigurationExtensionSupport - Spring Data Redis - Could not safely identify store assignment for repository candidate interface com.woowahanrabbits.battle_people.domain.user.infrastructure.InterestRepository; If you want this repository to be a Redis repository, consider annotating your entities with one of these annotations: org.springframework.data.redis.core.RedisHash (preferred), or consider extending one of the following types with your repository: org.springframework.data.keyvalue.repository.KeyValueRepository
2024-08-05 11:12:42 INFO  o.s.d.r.c.RepositoryConfigurationExtensionSupport - Spring Data Redis - Could not safely identify store assignment for repository candidate interface com.woowahanrabbits.battle_people.domain.user.infrastructure.UserRepository; If you want this repository to be a Redis repository, consider annotating your entities with one of these annotations: org.springframework.data.redis.core.RedisHash (preferred), or consider extending one of the following types with your repository: org.springframework.data.keyvalue.repository.KeyValueRepository
2024-08-05 11:12:42 INFO  o.s.d.r.c.RepositoryConfigurationExtensionSupport - Spring Data Redis - Could not safely identify store assignment for repository candidate interface com.woowahanrabbits.battle_people.domain.user.infrastructure.UserTokenRepository; If you want this repository to be a Redis repository, consider annotating your entities with one of these annotations: org.springframework.data.redis.core.RedisHash (preferred), or consider extending one of the following types with your repository: org.springframework.data.keyvalue.repository.KeyValueRepository
2024-08-05 11:12:42 INFO  o.s.d.r.c.RepositoryConfigurationExtensionSupport - Spring Data Redis - Could not safely identify store assignment for repository candidate interface com.woowahanrabbits.battle_people.domain.vote.infrastructure.UserVoteOpinionRepository; If you want this repository to be a Redis repository, consider annotating your entities with one of these annotations: org.springframework.data.redis.core.RedisHash (preferred), or consider extending one of the following types with your repository: org.springframework.data.keyvalue.repository.KeyValueRepository
2024-08-05 11:12:42 INFO  o.s.d.r.c.RepositoryConfigurationExtensionSupport - Spring Data Redis - Could not safely identify store assignment for repository candidate interface com.woowahanrabbits.battle_people.domain.vote.infrastructure.VoteInfoRepository; If you want this repository to be a Redis repository, consider annotating your entities with one of these annotations: org.springframework.data.redis.core.RedisHash (preferred), or consider extending one of the following types with your repository: org.springframework.data.keyvalue.repository.KeyValueRepository
2024-08-05 11:12:42 INFO  o.s.d.r.c.RepositoryConfigurationExtensionSupport - Spring Data Redis - Could not safely identify store assignment for repository candidate interface com.woowahanrabbits.battle_people.domain.vote.infrastructure.VoteOpinionRepository; If you want this repository to be a Redis repository, consider annotating your entities with one of these annotations: org.springframework.data.redis.core.RedisHash (preferred), or consider extending one of the following types with your repository: org.springframework.data.keyvalue.repository.KeyValueRepository
2024-08-05 11:12:42 INFO  o.s.d.r.c.RepositoryConfigurationDelegate - Finished Spring Data repository scanning in 5 ms. Found 0 Redis repository interfaces.
2024-08-05 11:12:42 INFO  o.s.b.w.e.tomcat.TomcatWebServer - Tomcat initialized with port 8080 (http)
2024-08-05 11:12:42 INFO  o.a.catalina.core.StandardService - Starting service [Tomcat]
2024-08-05 11:12:42 INFO  o.a.catalina.core.StandardEngine - Starting Servlet engine: [Apache Tomcat/10.1.25]
2024-08-05 11:12:42 INFO  o.a.c.c.C.[.[.[/battle-people] - Initializing Spring embedded WebApplicationContext
2024-08-05 11:12:42 INFO  o.s.b.w.s.c.ServletWebServerApplicationContext - Root WebApplicationContext: initialization completed in 1028 ms
2024-08-05 11:12:42 INFO  o.h.jpa.internal.util.LogHelper - HHH000204: Processing PersistenceUnitInfo [name: default]
2024-08-05 11:12:42 INFO  org.hibernate.Version - HHH000412: Hibernate ORM core version 6.4.9.Final
2024-08-05 11:12:43 INFO  o.h.c.i.RegionFactoryInitiator - HHH000026: Second-level cache disabled
2024-08-05 11:12:43 INFO  o.s.o.j.p.SpringPersistenceUnitInfo - No LoadTimeWeaver setup: ignoring JPA class transformer
2024-08-05 11:12:43 INFO  com.zaxxer.hikari.HikariDataSource - HikariPool-1 - Starting...
2024-08-05 11:12:43 INFO  com.zaxxer.hikari.pool.HikariPool - HikariPool-1 - Added connection com.mysql.cj.jdbc.ConnectionImpl@43de53
2024-08-05 11:12:43 INFO  com.zaxxer.hikari.HikariDataSource - HikariPool-1 - Start completed.
2024-08-05 11:12:43 WARN  org.hibernate.orm.deprecation - HHH90000025: MySQLDialect does not need to be specified explicitly using 'hibernate.dialect' (remove the property setting and it will be selected by default)
2024-08-05 11:12:43 INFO  o.h.m.i.EntityInstantiatorPojoStandard - HHH000182: No default (no-argument) constructor for class: com.woowahanrabbits.battle_people.domain.live.domain.LiveVoiceRecord (class must be instantiated by Interceptor)
2024-08-05 11:12:43 INFO  o.h.m.i.EntityInstantiatorPojoStandard - HHH000182: No default (no-argument) constructor for class: com.woowahanrabbits.battle_people.domain.live.domain.LiveApplyUser (class must be instantiated by Interceptor)
2024-08-05 11:12:43 INFO  o.h.e.t.j.p.i.JtaPlatformInitiator - HHH000489: No JTA platform available (set 'hibernate.transaction.jta.platform' to enable JTA platform integration)
2024-08-05 11:12:44 INFO  o.s.o.j.LocalContainerEntityManagerFactoryBean - Initialized JPA EntityManagerFactory for persistence unit 'default'
2024-08-05 11:12:44 INFO  o.s.d.j.r.query.QueryEnhancerFactory - Hibernate is in classpath; If applicable, HQL parser will be used.
2024-08-05 11:12:44 WARN  o.s.b.a.o.j.JpaBaseConfiguration$JpaWebConfiguration - spring.jpa.open-in-view is enabled by default. Therefore, database queries may be performed during view rendering. Explicitly configure spring.jpa.open-in-view to disable this warning
2024-08-05 11:12:45 INFO  o.s.s.web.DefaultSecurityFilterChain - Will secure any request with [org.springframework.security.web.session.DisableEncodeUrlFilter@94d776, org.springframework.security.web.context.request.async.WebAsyncManagerIntegrationFilter@1e981ea, org.springframework.security.web.context.SecurityContextHolderFilter@158e954, org.springframework.security.web.header.HeaderWriterFilter@bae75d, org.springframework.web.filter.CorsFilter@4d1fc7, org.springframework.security.web.authentication.logout.LogoutFilter@1509c9c, com.woowahanrabbits.battle_people.domain.user.jwt.JwtFilter@16664b0, org.springframework.security.web.savedrequest.RequestCacheAwareFilter@16c6b11, org.springframework.security.web.servletapi.SecurityContextHolderAwareRequestFilter@1becc3f, org.springframework.security.web.authentication.AnonymousAuthenticationFilter@1532fcd, org.springframework.security.web.session.SessionManagementFilter@876476, org.springframework.security.web.access.ExceptionTranslationFilter@186ab74, org.springframework.security.web.access.intercept.AuthorizationFilter@1bacf89]
2024-08-05 11:12:45 INFO  o.s.b.d.a.OptionalLiveReloadServer - LiveReload server is running on port 35729
2024-08-05 11:12:45 INFO  o.s.b.w.e.tomcat.TomcatWebServer - Tomcat started on port 8080 (http) with context path '/battle-people'
2024-08-05 11:12:45 INFO  o.s.m.s.b.SimpleBrokerMessageHandler - Starting...
2024-08-05 11:12:45 INFO  o.s.m.s.b.SimpleBrokerMessageHandler - BrokerAvailabilityEvent[available=true, SimpleBrokerMessageHandler [org.springframework.messaging.simp.broker.DefaultSubscriptionRegistry@118cafb]]
2024-08-05 11:12:45 INFO  o.s.m.s.b.SimpleBrokerMessageHandler - Started.
2024-08-05 11:12:45 INFO  c.w.b.BattlePeopleApplication - Started BattlePeopleApplication in 3.969 seconds (process running for 4.257)
2024-08-05 11:12:56 INFO  o.a.c.c.C.[.[.[/battle-people] - Initializing Spring DispatcherServlet 'dispatcherServlet'
2024-08-05 11:12:56 INFO  o.s.web.servlet.DispatcherServlet - Initializing Servlet 'dispatcherServlet'
2024-08-05 11:12:56 INFO  o.s.web.servlet.DispatcherServlet - Completed initialization in 1 ms
2024-08-05 11:12:57 INFO  c.w.b.d.l.s.OpenViduServiceImpl - [Session] battleId: 1
2024-08-05 11:12:57 INFO  c.w.b.d.l.s.OpenViduServiceImpl - [Session] battleId: 1
2024-08-05 11:12:57 INFO  io.openvidu.java.client.Session - Session 'ses_C0Gb45CxjN' created
2024-08-05 11:12:57 INFO  io.openvidu.java.client.Session - Session 'ses_TUnvoNPdTG' created
2024-08-05 11:12:57 INFO  c.w.b.d.l.s.OpenViduServiceImpl - [create Session] room: ses_TUnvoNPdTG
2024-08-05 11:12:57 INFO  c.w.b.d.l.s.OpenViduServiceImpl - [create Session] room: ses_C0Gb45CxjN
2024-08-05 11:12:57 INFO  c.w.b.d.l.s.OpenViduServiceImpl - [GetToken] room: ses_TUnvoNPdTG, userId: 1, role:PUBLISHER
2024-08-05 11:12:57 INFO  c.w.b.d.l.s.OpenViduServiceImpl - [GetToken] room: ses_C0Gb45CxjN, userId: 1, role:PUBLISHER
2024-08-05 11:12:57 INFO  c.w.b.d.l.s.OpenViduServiceImpl - [Recording Fail] room: ses_C0Gb45CxjNuserId: 1
2024-08-05 11:12:57 INFO  c.w.b.d.l.s.OpenViduServiceImpl - [Recording Fail] room: ses_TUnvoNPdTGuserId: 1
2024-08-05 11:13:45 INFO  o.s.w.s.c.WebSocketMessageBrokerStats - WebSocketSession[0 current WS(0)-HttpStream(0)-HttpPoll(0), 0 total, 0 closed abnormally (0 connect failure, 0 send limit, 0 transport error)], stompSubProtocol[processed CONNECT(0)-CONNECTED(0)-DISCONNECT(0)], stompBrokerRelay[null], inboundChannel[pool size = 0, active threads = 0, queued tasks = 0, completed tasks = 0], outboundChannel[pool size = 0, active threads = 0, queued tasks = 0, completed tasks = 0], sockJsScheduler[pool size = 3, active threads = 1, queued tasks = 2, completed tasks = 0]
